<?xml version="1.0" encoding="UTF-8"?>
<testsuite name="com.getehour.connector.jortt.JorttConnectorTest" tests="3" skipped="0" failures="0" errors="0" timestamp="2018-10-04T15:35:15" hostname="eternity" time="0.283">
  <properties/>
  <testcase name="should_be_ok_when_response_is_200" classname="com.getehour.connector.jortt.JorttConnectorTest" time="0.259"/>
  <testcase name="should_not_be_ok_when_response_is_not_200" classname="com.getehour.connector.jortt.JorttConnectorTest" time="0.001"/>
  <testcase name="should_create_invoice" classname="com.getehour.connector.jortt.JorttConnectorTest" time="0.022"/>
  <system-out><![CDATA[]]></system-out>
  <system-err><![CDATA[Oct 04, 2018 5:35:16 PM com.getehour.connector.jortt.JorttConnector lambda$validateApiKey$0
INFO: Succesful authentication with Jortt API
Oct 04, 2018 5:35:16 PM com.getehour.connector.jortt.JorttConnector lambda$validateApiKey$0
WARNING: Got response 400 on authentication request with Jortt API
Oct 04, 2018 5:35:16 PM com.getehour.connector.jortt.JorttConnector parseInvoiceCreationResponse
INFO: Creating invoice in Jortt API: invoice-id
]]></system-err>
</testsuite>
